Flow report for Procesador_NIOS
Mon Aug 26 13:40:11 2024
Quartus Prime Version 18.1.0 Build 625 09/12/2018 SJ Standard Edition


---------------------
; Table of Contents ;
---------------------
  1. Legal Notice
  2. Flow Summary
  3. Flow Settings
  4. Flow Non-Default Global Settings
  5. Flow Elapsed Time
  6. Flow OS Summary
  7. Flow Log
  8. Flow Messages
  9. Flow Suppressed Messages



----------------
; Legal Notice ;
----------------
Copyright (C) 2018  Intel Corporation. All rights reserved.
Your use of Intel Corporation's design tools, logic functions 
and other software and tools, and its AMPP partner logic 
functions, and any output files from any of the foregoing 
(including device programming or simulation files), and any 
associated documentation or information are expressly subject 
to the terms and conditions of the Intel Program License 
Subscription Agreement, the Intel Quartus Prime License Agreement,
the Intel FPGA IP License Agreement, or other applicable license
agreement, including, without limitation, that your use is for
the sole purpose of programming logic devices manufactured by
Intel and sold by Intel or its authorized distributors.  Please
refer to the applicable agreement for further details.



+-----------------------------------------------------------------------------------+
; Flow Summary                                                                      ;
+---------------------------------+-------------------------------------------------+
; Flow Status                     ; Successful - Mon Aug 26 13:40:11 2024           ;
; Quartus Prime Version           ; 18.1.0 Build 625 09/12/2018 SJ Standard Edition ;
; Revision Name                   ; Procesador_NIOS                                 ;
; Top-level Entity Name           ; CPU_Nios                                        ;
; Family                          ; Cyclone V                                       ;
; Device                          ; 5CSEMA5F31C6                                    ;
; Timing Models                   ; Final                                           ;
; Logic utilization (in ALMs)     ; 963 / 32,070 ( 3 % )                            ;
; Total registers                 ; 1264                                            ;
; Total pins                      ; 60 / 457 ( 13 % )                               ;
; Total virtual pins              ; 0                                               ;
; Total block memory bits         ; 1,059,840 / 4,065,280 ( 26 % )                  ;
; Total DSP Blocks                ; 0 / 87 ( 0 % )                                  ;
; Total HSSI RX PCSs              ; 0                                               ;
; Total HSSI PMA RX Deserializers ; 0                                               ;
; Total HSSI TX PCSs              ; 0                                               ;
; Total HSSI PMA TX Serializers   ; 0                                               ;
; Total PLLs                      ; 0 / 6 ( 0 % )                                   ;
; Total DLLs                      ; 0 / 4 ( 0 % )                                   ;
+---------------------------------+-------------------------------------------------+


+-----------------------------------------+
; Flow Settings                           ;
+-------------------+---------------------+
; Option            ; Setting             ;
+-------------------+---------------------+
; Start date & time ; 08/26/2024 13:37:31 ;
; Main task         ; Compilation         ;
; Revision Name     ; Procesador_NIOS     ;
+-------------------+---------------------+


+------------------------------------------------------------------------------------------------------------------------------------------------------------------------+
; Flow Non-Default Global Settings                                                                                                                                       ;
+-------------------------------------+--------------------------------------------------------------+-----------------+-------------+-----------------------------------+
; Assignment Name                     ; Value                                                        ; Default Value   ; Entity Name ; Section Id                        ;
+-------------------------------------+--------------------------------------------------------------+-----------------+-------------+-----------------------------------+
; COMPILER_SIGNATURE_ID               ; 200715048319395.172470105112364                              ; --              ; --          ; --                                ;
; EDA_GENERATE_FUNCTIONAL_NETLIST     ; Off                                                          ; --              ; --          ; eda_board_design_timing           ;
; EDA_GENERATE_FUNCTIONAL_NETLIST     ; Off                                                          ; --              ; --          ; eda_board_design_boundary_scan    ;
; EDA_GENERATE_FUNCTIONAL_NETLIST     ; Off                                                          ; --              ; --          ; eda_board_design_signal_integrity ;
; EDA_GENERATE_FUNCTIONAL_NETLIST     ; Off                                                          ; --              ; --          ; eda_board_design_symbol           ;
; EDA_OUTPUT_DATA_FORMAT              ; Systemverilog Hdl                                            ; --              ; --          ; eda_simulation                    ;
; EDA_RUN_TOOL_AUTOMATICALLY          ; Off                                                          ; --              ; --          ; eda_simulation                    ;
; EDA_SIMULATION_TOOL                 ; ModelSim-Altera (SystemVerilog)                              ; <None>          ; --          ; --                                ;
; EDA_TIME_SCALE                      ; 1 ps                                                         ; --              ; --          ; eda_simulation                    ;
; MAX_CORE_JUNCTION_TEMP              ; 85                                                           ; --              ; --          ; --                                ;
; MIN_CORE_JUNCTION_TEMP              ; 0                                                            ; --              ; --          ; --                                ;
; MISC_FILE                           ; CPU_Nios_platform/CPU_Nios/synthesis/../CPU_Nios.cmp         ; --              ; --          ; --                                ;
; MISC_FILE                           ; CPU_Nios_platform/CPU_Nios/synthesis/../../CPU_Nios.qsys     ; --              ; --          ; --                                ;
; PARTITION_COLOR                     ; -- (Not supported for targeted family)                       ; --              ; CPU_Nios    ; Top                               ;
; PARTITION_FITTER_PRESERVATION_LEVEL ; -- (Not supported for targeted family)                       ; --              ; CPU_Nios    ; Top                               ;
; PARTITION_NETLIST_TYPE              ; -- (Not supported for targeted family)                       ; --              ; CPU_Nios    ; Top                               ;
; POWER_BOARD_THERMAL_MODEL           ; None (CONSERVATIVE)                                          ; --              ; --          ; --                                ;
; POWER_PRESET_COOLING_SOLUTION       ; 23 MM HEAT SINK WITH 200 LFPM AIRFLOW                        ; --              ; --          ; --                                ;
; PROJECT_OUTPUT_DIRECTORY            ; output_files                                                 ; --              ; --          ; --                                ;
; SLD_FILE                            ; CPU_Nios_platform/CPU_Nios/synthesis/CPU_Nios.regmap         ; --              ; --          ; --                                ;
; SLD_FILE                            ; CPU_Nios_platform/CPU_Nios/synthesis/CPU_Nios.debuginfo      ; --              ; --          ; --                                ;
; SLD_INFO                            ; QSYS_NAME CPU_Nios HAS_SOPCINFO 1 GENERATION_ID 1724503612   ; --              ; CPU_Nios    ; --                                ;
; SOPCINFO_FILE                       ; CPU_Nios_platform/CPU_Nios/synthesis/../../CPU_Nios.sopcinfo ; --              ; --          ; --                                ;
; SYNTHESIS_ONLY_QIP                  ; On                                                           ; --              ; --          ; --                                ;
; TOP_LEVEL_ENTITY                    ; CPU_Nios                                                     ; Procesador_NIOS ; --          ; --                                ;
+-------------------------------------+--------------------------------------------------------------+-----------------+-------------+-----------------------------------+


+--------------------------------------------------------------------------------------------------------------------------+
; Flow Elapsed Time                                                                                                        ;
+----------------------+--------------+-------------------------+---------------------+------------------------------------+
; Module Name          ; Elapsed Time ; Average Processors Used ; Peak Virtual Memory ; Total CPU Time (on all processors) ;
+----------------------+--------------+-------------------------+---------------------+------------------------------------+
; Analysis & Synthesis ; 00:00:35     ; 1.0                     ; 5089 MB             ; 00:00:32                           ;
; Fitter               ; 00:01:44     ; 1.2                     ; 7924 MB             ; 00:03:06                           ;
; Assembler            ; 00:00:01     ; 1.0                     ; 4757 MB             ; 00:00:01                           ;
; Timing Analyzer      ; 00:00:10     ; 3.3                     ; 5365 MB             ; 00:00:17                           ;
; EDA Netlist Writer   ; 00:00:02     ; 1.0                     ; 4754 MB             ; 00:00:02                           ;
; Total                ; 00:02:32     ; --                      ; --                  ; 00:03:58                           ;
+----------------------+--------------+-------------------------+---------------------+------------------------------------+


+------------------------------------------------------------------------------------+
; Flow OS Summary                                                                    ;
+----------------------+------------------+------------+------------+----------------+
; Module Name          ; Machine Hostname ; OS Name    ; OS Version ; Processor type ;
+----------------------+------------------+------------+------------+----------------+
; Analysis & Synthesis ; DESKTOP-JOSEPH   ; Windows 10 ; 10.0       ; x86_64         ;
; Fitter               ; DESKTOP-JOSEPH   ; Windows 10 ; 10.0       ; x86_64         ;
; Assembler            ; DESKTOP-JOSEPH   ; Windows 10 ; 10.0       ; x86_64         ;
; Timing Analyzer      ; DESKTOP-JOSEPH   ; Windows 10 ; 10.0       ; x86_64         ;
; EDA Netlist Writer   ; DESKTOP-JOSEPH   ; Windows 10 ; 10.0       ; x86_64         ;
+----------------------+------------------+------------+------------+----------------+


------------
; Flow Log ;
------------
quartus_map --read_settings_files=on --write_settings_files=off Procesador_NIOS -c Procesador_NIOS
quartus_fit --read_settings_files=off --write_settings_files=off Procesador_NIOS -c Procesador_NIOS
quartus_asm --read_settings_files=off --write_settings_files=off Procesador_NIOS -c Procesador_NIOS
quartus_sta Procesador_NIOS -c Procesador_NIOS
quartus_eda --read_settings_files=off --write_settings_files=off Procesador_NIOS -c Procesador_NIOS



